[debug] [2026-05-13T17:02:22.050Z] ----------------------------------------------------------------------
[debug] [2026-05-13T17:02:22.064Z] Command:       /nix/store/ws50yvm6vzlzf7jzz6n7xh4szddrack1-nodejs-20.19.1/bin/node /nix/store/gm9mcvzb17vv8cla08khrg29vxn3sq4r-firebase-tools-15.1.0/lib/node_modules/firebase-tools/lib/bin/firebase.js init hosting:github
[debug] [2026-05-13T17:02:22.065Z] CLI Version:   15.1.0
[debug] [2026-05-13T17:02:22.065Z] Platform:      linux
[debug] [2026-05-13T17:02:22.065Z] Node Version:  v20.19.1
[debug] [2026-05-13T17:02:22.066Z] Time:          Wed May 13 2026 17:02:22 GMT+0000 (Coordinated Universal Time)
[debug] [2026-05-13T17:02:22.066Z] ----------------------------------------------------------------------
[debug] 
[debug] [2026-05-13T17:02:25.582Z] No OAuth tokens found
[debug] [2026-05-13T17:02:25.583Z] No OAuth tokens found
[error] Failed to fetch Firebase Project from current Studio Workspace: Unable to refresh auth: not yet authenticated.
[info] 
     ######## #### ########  ######## ########     ###     ######  ########
     ##        ##  ##     ## ##       ##     ##  ##   ##  ##       ##
     ######    ##  ########  ######   ########  #########  ######  ######
     ##        ##  ##    ##  ##       ##     ## ##     ##       ## ##
     ##       #### ##     ## ######## ########  ##     ##  ######  ########

You're about to initialize a Firebase project in this directory:

  /home/user/n7-hub-godlevel

Before we get started, keep in mind:

  * You are initializing within an existing Firebase project directory

[info] 
=== Project Setup
[info] 
[info] First, let's associate this project directory with a Firebase project.
[info] You can create multiple project aliases by running firebase use --add, 
[info] 
[debug] [2026-05-13T17:02:25.592Z] > command requires scopes: ["email","openid","https://www.googleapis.com/auth/cloudplatformprojects.readonly","https://www.googleapis.com/auth/firebase","https://www.googleapis.com/auth/cloud-platform","https://www.googleapis.com/auth/userinfo.email"]
[debug] [2026-05-13T17:02:25.593Z] > authorizing via signed-in user (anujd3799@gmail.com)
[debug] [2026-05-13T17:02:25.593Z] No OAuth tokens found
[debug] [2026-05-13T17:02:25.594Z] No OAuth tokens found
[debug] [2026-05-13T17:02:25.594Z] > command requires scopes: ["email","openid","https://www.googleapis.com/auth/cloudplatformprojects.readonly","https://www.googleapis.com/auth/firebase","https://www.googleapis.com/auth/cloud-platform","https://www.googleapis.com/auth/userinfo.email"]
[debug] [2026-05-13T17:02:25.594Z] > authorizing via signed-in user (anujd3799@gmail.com)
[debug] [2026-05-13T17:02:25.598Z] >>> [apiv2][query] GET https://firebase.googleapis.com/v1beta1/projects/n7-hub-next [none]
[debug] [2026-05-13T17:02:26.204Z] <<< [apiv2][status] GET https://firebase.googleapis.com/v1beta1/projects/n7-hub-next 403
[debug] [2026-05-13T17:02:26.205Z] <<< [apiv2][body] GET https://firebase.googleapis.com/v1beta1/projects/n7-hub-next {"error":{"code":403,"message":"The caller does not have permission","status":"PERMISSION_DENIED"}}
[debug] [2026-05-13T17:02:26.209Z] Request to https://firebase.googleapis.com/v1beta1/projects/n7-hub-next had HTTP Error: 403, The caller does not have permission
[debug] [2026-05-13T17:02:26.211Z] FirebaseError: Request to https://firebase.googleapis.com/v1beta1/projects/n7-hub-next had HTTP Error: 403, The caller does not have permission
    at responseToError (/nix/store/gm9mcvzb17vv8cla08khrg29vxn3sq4r-firebase-tools-15.1.0/lib/node_modules/firebase-tools/lib/responseToError.js:53:12)
    at RetryOperation._fn (/nix/store/gm9mcvzb17vv8cla08khrg29vxn3sq4r-firebase-tools-15.1.0/lib/node_modules/firebase-tools/lib/apiv2.js:322:77)
    at process.processTicksAndRejections (node:internal/process/task_queues:95:5)
[error] 
[error] Error: Failed to get Firebase project n7-hub-next. Please make sure the project exists and your account has permission to access it.
